<?xml version="1.0" encoding="UTF-8"?>
<testng-results ignored="0" total="2" passed="2" failed="0" skipped="0">
  <reporter-output>
  </reporter-output>
  <suite started-at="2025-03-17T18:55:22 IST" name="Master Suite" finished-at="2025-03-17T18:56:16 IST" duration-ms="54077">
    <groups>
      <group name="Master">
        <method signature="TC_001_AccountRegistrationTest.verify_Account_Registration()[pri:0, instance:testCases.TC_001_AccountRegistrationTest@558bdf1f]" name="verify_Account_Registration" class="testCases.TC_001_AccountRegistrationTest"/>
        <method signature="TC_002_LoginTest.verifyLgin()[pri:0, instance:testCases.TC_002_LoginTest@3daf7722]" name="verifyLgin" class="testCases.TC_002_LoginTest"/>
      </group> <!-- Master -->
      <group name="Sanity">
        <method signature="TC_002_LoginTest.verifyLgin()[pri:0, instance:testCases.TC_002_LoginTest@3daf7722]" name="verifyLgin" class="testCases.TC_002_LoginTest"/>
      </group> <!-- Sanity -->
      <group name="Regression">
        <method signature="TC_001_AccountRegistrationTest.verify_Account_Registration()[pri:0, instance:testCases.TC_001_AccountRegistrationTest@558bdf1f]" name="verify_Account_Registration" class="testCases.TC_001_AccountRegistrationTest"/>
      </group> <!-- Regression -->
    </groups>
    <test started-at="2025-03-17T18:55:22 IST" name="Test" finished-at="2025-03-17T18:56:16 IST" duration-ms="54077">
      <class name="testCases.TC_001_AccountRegistrationTest">
        <test-method is-config="true" signature="setup(java.lang.String,java.lang.String)[pri:0, instance:testCases.TC_001_AccountRegistrationTest@558bdf1f]" started-at="2025-03-17T18:55:22 IST" name="setup" finished-at="2025-03-17T18:55:46 IST" duration-ms="24210" status="PASS">
          <params>
            <param index="0">
              <value>
                <![CDATA[Windows]]>
              </value>
            </param>
            <param index="1">
              <value>
                <![CDATA[chrome]]>
              </value>
            </param>
          </params>
          <reporter-output>
          </reporter-output>
        </test-method> <!-- setup -->
        <test-method signature="verify_Account_Registration()[pri:0, instance:testCases.TC_001_AccountRegistrationTest@558bdf1f]" started-at="2025-03-17T18:55:47 IST" name="verify_Account_Registration" finished-at="2025-03-17T18:55:51 IST" duration-ms="4313" status="PASS">
          <reporter-output>
          </reporter-output>
        </test-method> <!-- verify_Account_Registration -->
        <test-method is-config="true" signature="tearDown()[pri:0, instance:testCases.TC_001_AccountRegistrationTest@558bdf1f]" started-at="2025-03-17T18:55:51 IST" name="tearDown" finished-at="2025-03-17T18:55:51 IST" duration-ms="368" status="PASS">
          <reporter-output>
          </reporter-output>
        </test-method> <!-- tearDown -->
      </class> <!-- testCases.TC_001_AccountRegistrationTest -->
      <class name="testCases.TC_002_LoginTest">
        <test-method is-config="true" signature="setup(java.lang.String,java.lang.String)[pri:0, instance:testCases.TC_002_LoginTest@3daf7722]" started-at="2025-03-17T18:55:51 IST" name="setup" finished-at="2025-03-17T18:56:12 IST" duration-ms="21040" status="PASS">
          <params>
            <param index="0">
              <value>
                <![CDATA[Windows]]>
              </value>
            </param>
            <param index="1">
              <value>
                <![CDATA[chrome]]>
              </value>
            </param>
          </params>
          <reporter-output>
          </reporter-output>
        </test-method> <!-- setup -->
        <test-method signature="verifyLgin()[pri:0, instance:testCases.TC_002_LoginTest@3daf7722]" started-at="2025-03-17T18:56:12 IST" name="verifyLgin" finished-at="2025-03-17T18:56:16 IST" duration-ms="3500" status="PASS">
          <reporter-output>
          </reporter-output>
        </test-method> <!-- verifyLgin -->
        <test-method is-config="true" signature="tearDown()[pri:0, instance:testCases.TC_002_LoginTest@3daf7722]" started-at="2025-03-17T18:56:16 IST" name="tearDown" finished-at="2025-03-17T18:56:16 IST" duration-ms="311" status="PASS">
          <reporter-output>
          </reporter-output>
        </test-method> <!-- tearDown -->
      </class> <!-- testCases.TC_002_LoginTest -->
    </test> <!-- Test -->
  </suite> <!-- Master Suite -->
</testng-results>
