<?xml version="1.0" encoding="UTF-8"?>
<testng-results ignored="0" total="2" passed="2" failed="0" skipped="0">
  <reporter-output>
  </reporter-output>
  <suite started-at="2025-03-17T17:06:02 IST" name="Master Suite" finished-at="2025-03-17T17:06:50 IST" duration-ms="48360">
    <groups>
      <group name="Master">
        <method signature="TC_001_AccountRegistrationTest.verify_Account_Registration()[pri:0, instance:testCases.TC_001_AccountRegistrationTest@2a62b5bc]" name="verify_Account_Registration" class="testCases.TC_001_AccountRegistrationTest"/>
        <method signature="TC_002_LoginTest.verifyLgin()[pri:0, instance:testCases.TC_002_LoginTest@24111ef1]" name="verifyLgin" class="testCases.TC_002_LoginTest"/>
      </group> <!-- Master -->
      <group name="Sanity">
        <method signature="TC_002_LoginTest.verifyLgin()[pri:0, instance:testCases.TC_002_LoginTest@24111ef1]" name="verifyLgin" class="testCases.TC_002_LoginTest"/>
      </group> <!-- Sanity -->
      <group name="Regression">
        <method signature="TC_001_AccountRegistrationTest.verify_Account_Registration()[pri:0, instance:testCases.TC_001_AccountRegistrationTest@2a62b5bc]" name="verify_Account_Registration" class="testCases.TC_001_AccountRegistrationTest"/>
      </group> <!-- Regression -->
    </groups>
    <test started-at="2025-03-17T17:06:02 IST" name="Linux-Chrome" finished-at="2025-03-17T17:06:50 IST" duration-ms="48360">
      <class name="testCases.TC_001_AccountRegistrationTest">
        <test-method is-config="true" signature="setup(java.lang.String,java.lang.String)[pri:0, instance:testCases.TC_001_AccountRegistrationTest@2a62b5bc]" started-at="2025-03-17T17:06:02 IST" name="setup" finished-at="2025-03-17T17:06:23 IST" duration-ms="20559" status="PASS">
          <params>
            <param index="0">
              <value>
                <![CDATA[Linux]]>
              </value>
            </param>
            <param index="1">
              <value>
                <![CDATA[chrome]]>
              </value>
            </param>
          </params>
          <reporter-output>
          </reporter-output>
        </test-method> <!-- setup -->
        <test-method signature="verify_Account_Registration()[pri:0, instance:testCases.TC_001_AccountRegistrationTest@2a62b5bc]" started-at="2025-03-17T17:06:23 IST" name="verify_Account_Registration" finished-at="2025-03-17T17:06:28 IST" duration-ms="4537" status="PASS">
          <reporter-output>
          </reporter-output>
        </test-method> <!-- verify_Account_Registration -->
        <test-method is-config="true" signature="tearDown()[pri:0, instance:testCases.TC_001_AccountRegistrationTest@2a62b5bc]" started-at="2025-03-17T17:06:28 IST" name="tearDown" finished-at="2025-03-17T17:06:28 IST" duration-ms="257" status="PASS">
          <reporter-output>
          </reporter-output>
        </test-method> <!-- tearDown -->
      </class> <!-- testCases.TC_001_AccountRegistrationTest -->
      <class name="testCases.TC_002_LoginTest">
        <test-method is-config="true" signature="setup(java.lang.String,java.lang.String)[pri:0, instance:testCases.TC_002_LoginTest@24111ef1]" started-at="2025-03-17T17:06:28 IST" name="setup" finished-at="2025-03-17T17:06:48 IST" duration-ms="19898" status="PASS">
          <params>
            <param index="0">
              <value>
                <![CDATA[Linux]]>
              </value>
            </param>
            <param index="1">
              <value>
                <![CDATA[chrome]]>
              </value>
            </param>
          </params>
          <reporter-output>
          </reporter-output>
        </test-method> <!-- setup -->
        <test-method signature="verifyLgin()[pri:0, instance:testCases.TC_002_LoginTest@24111ef1]" started-at="2025-03-17T17:06:48 IST" name="verifyLgin" finished-at="2025-03-17T17:06:50 IST" duration-ms="2434" status="PASS">
          <reporter-output>
          </reporter-output>
        </test-method> <!-- verifyLgin -->
        <test-method is-config="true" signature="tearDown()[pri:0, instance:testCases.TC_002_LoginTest@24111ef1]" started-at="2025-03-17T17:06:50 IST" name="tearDown" finished-at="2025-03-17T17:06:50 IST" duration-ms="286" status="PASS">
          <reporter-output>
          </reporter-output>
        </test-method> <!-- tearDown -->
      </class> <!-- testCases.TC_002_LoginTest -->
    </test> <!-- Linux-Chrome -->
  </suite> <!-- Master Suite -->
</testng-results>
